<?xml version="1.0" encoding="UTF-8"?>
<!-- Generated by org.testng.reporters.JUnitXMLReporter -->
<testsuite ignored="1" hostname="WGC1001KVLTG3" failures="0" tests="4" name="Smoke Test Suite" time="0.034" errors="0" timestamp="2022-05-31T17:10:22 EDT">
  <testcase classname="com.testngpractise.TestNGGroupExample" name="AddItemToCart" time="0.006"/>
  <testcase classname="com.testngpractise.TestNGGroupExample" name="Login" time="0.001"/>
  <testcase classname="com.testngpractise.TestNGGroupExample" name="OpenBrowser" time="0.0"/>
  <testcase classname="com.testngpractise.TestNGGroupExample" name="closeBrowser" time="0.0"/>
  <testcase classname="com.testngpractise.TestNGGroupExample" name="AddMobileItemtoCart" time="0.0">
    <ignored/>
  </testcase> <!-- AddMobileItemtoCart -->
</testsuite> <!-- Smoke Test Suite -->
