<?xml version="1.0" encoding="UTF-8"?>
<!-- Generated by org.testng.reporters.JUnitXMLReporter -->
<testsuite ignored="0" hostname="WGC1001KVLTG3" failures="0" tests="11" name="Smoke Test" time="10.361" errors="0" timestamp="2022-05-31T16:24:50 EDT">
  <testcase classname="com.testngpractise.AllAnnoatationsExample" name="TestCase1" time="0.004"/>
  <testcase classname="com.testngpractise.AllAnnoatationsExample" name="TestCase2" time="0.001"/>
  <testcase classname="com.testngpractise.DataProviderExample" name="MyTestCase" time="0.001"/>
  <testcase classname="com.testngpractise.DataProviderExample" name="MyTestCase" time="0.0"/>
  <testcase classname="com.testngpractise.DataProviderExample" name="MyTestCase" time="0.0"/>
  <testcase classname="com.testngpractise.DataProviderExample" name="MyTestCase1" time="0.001"/>
  <testcase classname="com.testngpractise.DataProviderExample" name="MyTestCase1" time="0.001"/>
  <testcase classname="com.testngpractise.DataProviderExample" name="MyTestCase1" time="0.001"/>
  <testcase classname="com.testngpractise.FirstTestNGProgram" name="openBrowser" time="2.549"/>
  <testcase classname="com.testngpractise.ParallelExecutionExample" name="OpenChromeBrowser" time="1.806"/>
  <testcase classname="com.testngpractise.ParallelExecutionExample" name="OpenFirefoxBrowser" time="5.959"/>
</testsuite> <!-- Smoke Test -->
